2025-04-12 15:17:22 [main] INFO  Console.Server - Test
2025-04-12 15:21:42 [Thread-0] INFO  Console.Server - Сервер запущен
2025-04-12 15:22:01 [Thread-0] INFO  Console.Server - Сервер запущен
2025-04-12 15:22:16 [Thread-0] INFO  Console.Server - Сервер запущен
2025-04-12 15:59:06 [Thread-0] INFO  Console.Server - Сервер запущен
2025-04-13 19:53:13 [main] INFO  Console.Server - Сервер запущен
2025-04-13 19:55:45 [main] INFO  Console.Server - Сервер запущен
2025-04-21 21:11:36 [main] INFO  Console.Server - Сервер запущен
2025-04-21 21:20:51 [main] INFO  Console.Server - Сервер запущен
2025-04-21 21:26:42 [main] INFO  Console.Server - Сервер запущен
2025-04-22 12:49:40 [main] INFO  Console.Server - Сервер запущен
2025-04-22 12:53:43 [main] INFO  Console.Server - Сервер запущен
2025-04-22 12:54:02 [main] INFO  Console.Server - Клиент подключен: /127.0.0.1:54839
2025-04-22 12:55:22 [main] INFO  Console.Server - Сервер запущен
2025-04-22 12:55:31 [main] INFO  Console.Server - Клиент подключен: /127.0.0.1:54865
2025-04-22 12:56:46 [main] INFO  Console.Server - Сервер запущен
2025-04-22 12:56:56 [main] INFO  Console.Server - Клиент подключен: /127.0.0.1:54881
2025-04-22 13:01:48 [main] INFO  Console.Server - Сервер запущен
2025-04-22 13:01:57 [main] INFO  Console.Server - Клиент подключен: /127.0.0.1:54961
2025-04-22 13:02:10 [main] INFO  Console.Server - Сервер запущен
2025-04-22 13:02:22 [main] INFO  Console.Server - Клиент подключен: /127.0.0.1:54969
2025-04-22 13:20:26 [main] INFO  Console.Server - Сервер запущен
2025-04-22 13:20:36 [main] INFO  Console.Server - Клиент подключен: /127.0.0.1:55423
2025-04-22 13:20:48 [main] INFO  Console.Server - Ответ отправлен клиенту: 
Ticket id: 1
name: dima
coordinates: 12312, 232323.0
Дата покупки: 2025-04-08T13:20:48.449106800
Цена: 1000
Тип билета: VIP
Дата рождения: 2000-12-21T00:00+03:00[Europe/Moscow]
Рост: 178
Вес: 65
Локация: 1,1.0,1.0

Ticket id: 2
name: dima
coordinates: 12312, 232323.0
Дата покупки: 2025-04-08T13:21:44.302866200
Цена: 1000
Тип билета: VIP
Дата рождения: 2000-12-21T00:00+03:00[Europe/Moscow]
Рост: 178
Вес: 65
Локация: 1,1.0,1.0

Ticket id: 3
name: dmitry
coordinates: 123123, 2.2222222222222E13
Дата покупки: 2025-04-08T13:46:33.568303300
Цена: 1
Тип билета: CHEAP
Дата рождения: 2000-12-12T00:00+03:00[Europe/Moscow]
Рост: 111
Вес: 111
Локация: 1,1.0,1.0


2025-04-22 13:20:51 [main] INFO  Console.Server - Ответ отправлен клиенту: Некорректный ввод
2025-04-22 13:20:57 [main] INFO  Console.Server - Ответ отправлен клиенту: 
Ticket id: 1
name: dima
coordinates: 12312, 232323.0
Дата покупки: 2025-04-08T13:20:48.449106800
Цена: 1000
Тип билета: VIP
Дата рождения: 2000-12-21T00:00+03:00[Europe/Moscow]
Рост: 178
Вес: 65
Локация: 1,1.0,1.0

Ticket id: 2
name: dima
coordinates: 12312, 232323.0
Дата покупки: 2025-04-08T13:21:44.302866200
Цена: 1000
Тип билета: VIP
Дата рождения: 2000-12-21T00:00+03:00[Europe/Moscow]
Рост: 178
Вес: 65
Локация: 1,1.0,1.0

Ticket id: 3
name: dmitry
coordinates: 123123, 2.2222222222222E13
Дата покупки: 2025-04-08T13:46:33.568303300
Цена: 1
Тип билета: CHEAP
Дата рождения: 2000-12-12T00:00+03:00[Europe/Moscow]
Рост: 111
Вес: 111
Локация: 1,1.0,1.0


2025-04-22 13:21:00 [main] INFO  Console.Server - Ответ отправлен клиенту: Некорректный ввод
2025-04-22 13:21:01 [main] INFO  Console.Server - Ответ отправлен клиенту: Некорректный ввод
2025-04-22 13:21:02 [main] INFO  Console.Server - Ответ отправлен клиенту: Некорректный ввод
2025-04-22 13:21:02 [main] INFO  Console.Server - Ответ отправлен клиенту: Некорректный ввод
2025-04-22 13:23:03 [main] INFO  Console.Server - Сервер запущен
2025-04-22 13:23:12 [main] INFO  Console.Server - Клиент подключен: /127.0.0.1:55473
2025-04-22 13:23:19 [main] INFO  Console.Server - Ответ отправлен клиенту: Некорректный ввод
2025-04-22 13:23:20 [main] INFO  Console.Server - Ответ отправлен клиенту: 
Ticket id: 1
name: dima
coordinates: 12312, 232323.0
Дата покупки: 2025-04-08T13:20:48.449106800
Цена: 1000
Тип билета: VIP
Дата рождения: 2000-12-21T00:00+03:00[Europe/Moscow]
Рост: 178
Вес: 65
Локация: 1,1.0,1.0

Ticket id: 2
name: dima
coordinates: 12312, 232323.0
Дата покупки: 2025-04-08T13:21:44.302866200
Цена: 1000
Тип билета: VIP
Дата рождения: 2000-12-21T00:00+03:00[Europe/Moscow]
Рост: 178
Вес: 65
Локация: 1,1.0,1.0

Ticket id: 3
name: dmitry
coordinates: 123123, 2.2222222222222E13
Дата покупки: 2025-04-08T13:46:33.568303300
Цена: 1
Тип билета: CHEAP
Дата рождения: 2000-12-12T00:00+03:00[Europe/Moscow]
Рост: 111
Вес: 111
Локация: 1,1.0,1.0


2025-04-22 13:29:13 [main] INFO  Console.Server - Сервер запущен
2025-04-22 13:29:22 [main] INFO  Console.Server - Клиент подключен: /127.0.0.1:55566
2025-04-22 13:29:54 [main] INFO  Console.Server - Ответ отправлен клиенту: Элемент добавлен в коллекцию
2025-04-22 13:29:57 [main] INFO  Console.Server - Ответ отправлен клиенту: 
Ticket id: 1
name: dima
coordinates: 12312, 232323.0
Дата покупки: 2025-04-08T13:20:48.449106800
Цена: 1000
Тип билета: VIP
Дата рождения: 2000-12-21T00:00+03:00[Europe/Moscow]
Рост: 178
Вес: 65
Локация: 1,1.0,1.0

Ticket id: 2
name: dima
coordinates: 12312, 232323.0
Дата покупки: 2025-04-08T13:21:44.302866200
Цена: 1000
Тип билета: VIP
Дата рождения: 2000-12-21T00:00+03:00[Europe/Moscow]
Рост: 178
Вес: 65
Локация: 1,1.0,1.0

Ticket id: 3
name: dmitry
coordinates: 123123, 2.2222222222222E13
Дата покупки: 2025-04-08T13:46:33.568303300
Цена: 1
Тип билета: CHEAP
Дата рождения: 2000-12-12T00:00+03:00[Europe/Moscow]
Рост: 111
Вес: 111
Локация: 1,1.0,1.0

Ticket id: 999
name: allah
coordinates: 111111, 111111.0
Дата покупки: 2025-04-22T13:29:36.055774200
Цена: 1000
Тип билета: CHEAP
Дата рождения: 1111-11-11T00:00+02:30:17[Europe/Moscow]
Рост: 99999
Вес: 188
Локация: 1,1.0,1.0


2025-04-22 13:33:30 [main] INFO  Console.Server - Сервер запущен
2025-04-22 13:33:39 [main] INFO  Console.Server - Клиент подключен: /127.0.0.1:55651
2025-04-22 13:33:43 [main] WARN  Console.Server - Ошибка при обработке клиента: Соединение закрыто клиентом.
2025-04-22 13:34:34 [main] INFO  Console.Server - Клиент подключен: /127.0.0.1:55661
2025-04-22 13:36:24 [main] WARN  Console.Server - Ошибка при обработке клиента: Connection reset
2025-04-22 13:43:07 [main] INFO  Console.Server - Сервер запущен
2025-04-22 13:43:16 [main] INFO  Console.Server - Клиент подключен: /127.0.0.1:55776
2025-04-22 13:43:37 [main] INFO  Console.Server - Ответ отправлен клиенту: Элемент добавлен в коллекцию
2025-04-22 13:43:39 [main] INFO  Console.Server - Ответ отправлен клиенту: 
Ticket id: 1
name: dima
coordinates: 12312, 232323.0
Дата покупки: 2025-04-08T13:20:48.449106800
Цена: 1000
Тип билета: VIP
Дата рождения: 2000-12-21T00:00+03:00[Europe/Moscow]
Рост: 178
Вес: 65
Локация: 1,1.0,1.0

Ticket id: 1
name: ooo
coordinates: 111111, 111111.0
Дата покупки: 2025-04-22T13:43:26.103276800
Цена: 333333333333
Тип билета: VIP
Дата рождения: 1111-11-11T00:00+02:30:17[Europe/Moscow]
Рост: 88
Вес: 65
Локация: 1,1.0,1.0

Ticket id: 2
name: dima
coordinates: 12312, 232323.0
Дата покупки: 2025-04-08T13:21:44.302866200
Цена: 1000
Тип билета: VIP
Дата рождения: 2000-12-21T00:00+03:00[Europe/Moscow]
Рост: 178
Вес: 65
Локация: 1,1.0,1.0

Ticket id: 3
name: dmitry
coordinates: 123123, 2.2222222222222E13
Дата покупки: 2025-04-08T13:46:33.568303300
Цена: 1
Тип билета: CHEAP
Дата рождения: 2000-12-12T00:00+03:00[Europe/Moscow]
Рост: 111
Вес: 111
Локация: 1,1.0,1.0


2025-04-22 13:53:15 [main] INFO  Console.Server - Сервер запущен
2025-04-22 13:53:23 [main] INFO  Console.Server - Клиент подключен: /127.0.0.1:55877
2025-04-22 13:53:30 [main] INFO  Console.Server - Ответ отправлен клиенту: 
Ticket id: 1
name: dima
coordinates: 12312, 232323.0
Дата покупки: 2025-04-08T13:20:48.449106800
Цена: 1000
Тип билета: VIP
Дата рождения: 2000-12-21T00:00+03:00[Europe/Moscow]
Рост: 178
Вес: 65
Локация: 1,1.0,1.0

Ticket id: 2
name: dima
coordinates: 12312, 232323.0
Дата покупки: 2025-04-08T13:21:44.302866200
Цена: 1000
Тип билета: VIP
Дата рождения: 2000-12-21T00:00+03:00[Europe/Moscow]
Рост: 178
Вес: 65
Локация: 1,1.0,1.0

Ticket id: 3
name: dmitry
coordinates: 123123, 2.2222222222222E13
Дата покупки: 2025-04-08T13:46:33.568303300
Цена: 1
Тип билета: CHEAP
Дата рождения: 2000-12-12T00:00+03:00[Europe/Moscow]
Рост: 111
Вес: 111
Локация: 1,1.0,1.0


2025-04-22 13:54:03 [main] INFO  Console.Server - Ответ отправлен клиенту: Элемент добавлен в коллекцию
2025-04-22 13:54:06 [main] INFO  Console.Server - Ответ отправлен клиенту: 
Ticket id: 1
name: dima
coordinates: 12312, 232323.0
Дата покупки: 2025-04-08T13:20:48.449106800
Цена: 1000
Тип билета: VIP
Дата рождения: 2000-12-21T00:00+03:00[Europe/Moscow]
Рост: 178
Вес: 65
Локация: 1,1.0,1.0

Ticket id: 2
name: dima
coordinates: 12312, 232323.0
Дата покупки: 2025-04-08T13:21:44.302866200
Цена: 1000
Тип билета: VIP
Дата рождения: 2000-12-21T00:00+03:00[Europe/Moscow]
Рост: 178
Вес: 65
Локация: 1,1.0,1.0

Ticket id: 3
name: dmitry
coordinates: 123123, 2.2222222222222E13
Дата покупки: 2025-04-08T13:46:33.568303300
Цена: 1
Тип билета: CHEAP
Дата рождения: 2000-12-12T00:00+03:00[Europe/Moscow]
Рост: 111
Вес: 111
Локация: 1,1.0,1.0

Ticket id: 4
name: alallala bismila
coordinates: 111, 22333.0
Дата покупки: 2025-04-22T13:53:44.461631700
Цена: 999198
Тип билета: USUAL
Дата рождения: 1111-11-11T00:00+02:30:17[Europe/Moscow]
Рост: 776
Вес: 65
Локация: 1,1.0,1.0


2025-04-22 13:54:33 [main] WARN  Console.Server - Ошибка при обработке клиента: Соединение закрыто клиентом.
2025-04-22 13:55:45 [main] INFO  Console.Server - Сервер запущен
2025-04-22 13:55:52 [main] INFO  Console.Server - Клиент подключен: /127.0.0.1:55910
2025-04-22 13:57:35 [main] INFO  Console.Server - Сервер запущен
2025-04-22 13:57:43 [main] INFO  Console.Server - Клиент подключен: /127.0.0.1:55925
2025-04-22 13:58:10 [main] INFO  Console.Server - Ответ отправлен клиенту: Элемент добавлен в коллекцию
2025-04-22 13:58:12 [main] INFO  Console.Server - Ответ отправлен клиенту: 
Ticket id: 1
name: dima
coordinates: 12312, 232323.0
Дата покупки: 2025-04-08T13:20:48.449106800
Цена: 1000
Тип билета: VIP
Дата рождения: 2000-12-21T00:00+03:00[Europe/Moscow]
Рост: 178
Вес: 65
Локация: 1,1.0,1.0

Ticket id: 2
name: dima
coordinates: 12312, 232323.0
Дата покупки: 2025-04-08T13:21:44.302866200
Цена: 1000
Тип билета: VIP
Дата рождения: 2000-12-21T00:00+03:00[Europe/Moscow]
Рост: 178
Вес: 65
Локация: 1,1.0,1.0

Ticket id: 3
name: dmitry
coordinates: 123123, 2.2222222222222E13
Дата покупки: 2025-04-08T13:46:33.568303300
Цена: 1
Тип билета: CHEAP
Дата рождения: 2000-12-12T00:00+03:00[Europe/Moscow]
Рост: 111
Вес: 111
Локация: 1,1.0,1.0

Ticket id: 4
name: iasd
coordinates: 1234, 4567.0
Дата покупки: 2025-04-22T13:57:52.983237
Цена: 12389
Тип билета: VIP
Дата рождения: 1111-11-11T00:00+02:30:17[Europe/Moscow]
Рост: 34589
Вес: 324578
Локация: 1,1.0,1.0


2025-04-22 13:58:17 [main] INFO  Console.Server - Ответ отправлен клиенту: Некорректный ввод
2025-04-22 13:58:19 [main] WARN  Console.Server - Ошибка при обработке клиента: Соединение закрыто клиентом.
2025-04-22 13:58:22 [main] INFO  Console.Server - Клиент подключен: /127.0.0.1:55933
2025-04-22 13:58:27 [main] INFO  Console.Server - Ответ отправлен клиенту: 
Ticket id: 1
name: dima
coordinates: 12312, 232323.0
Дата покупки: 2025-04-08T13:20:48.449106800
Цена: 1000
Тип билета: VIP
Дата рождения: 2000-12-21T00:00+03:00[Europe/Moscow]
Рост: 178
Вес: 65
Локация: 1,1.0,1.0

Ticket id: 2
name: dima
coordinates: 12312, 232323.0
Дата покупки: 2025-04-08T13:21:44.302866200
Цена: 1000
Тип билета: VIP
Дата рождения: 2000-12-21T00:00+03:00[Europe/Moscow]
Рост: 178
Вес: 65
Локация: 1,1.0,1.0

Ticket id: 3
name: dmitry
coordinates: 123123, 2.2222222222222E13
Дата покупки: 2025-04-08T13:46:33.568303300
Цена: 1
Тип билета: CHEAP
Дата рождения: 2000-12-12T00:00+03:00[Europe/Moscow]
Рост: 111
Вес: 111
Локация: 1,1.0,1.0

Ticket id: 4
name: iasd
coordinates: 1234, 4567.0
Дата покупки: 2025-04-22T13:57:52.983237
Цена: 12389
Тип билета: VIP
Дата рождения: 1111-11-11T00:00+02:30:17[Europe/Moscow]
Рост: 34589
Вес: 324578
Локация: 1,1.0,1.0


2025-04-22 13:59:03 [main] INFO  Console.Server - Ответ отправлен клиенту: Некорректный ввод
2025-04-22 13:59:07 [main] WARN  Console.Server - Ошибка при обработке клиента: Соединение закрыто клиентом.
2025-04-22 14:12:44 [main] INFO  Console.Server - Сервер запущен
2025-04-22 14:12:53 [main] INFO  Console.Server - Клиент подключен: /127.0.0.1:56077
2025-04-22 14:13:18 [main] INFO  Console.Server - Сервер запущен
2025-04-22 14:13:21 [main] INFO  Console.Server - Клиент подключен: /127.0.0.1:56084
2025-04-22 14:13:29 [main] WARN  Console.Server - Ошибка при обработке клиента: Connection reset
2025-04-22 14:15:04 [main] INFO  Console.Server - Сервер запущен
2025-04-22 14:15:15 [main] INFO  Console.Server - Клиент подключен: /127.0.0.1:56112
2025-04-22 14:15:36 [main] WARN  Console.Server - Ошибка при обработке клиента: Connection reset
2025-04-22 14:15:54 [main] INFO  Console.Server - Клиент подключен: /127.0.0.1:56122
2025-04-22 14:15:59 [main] WARN  Console.Server - Ошибка при обработке клиента: Connection reset
2025-04-22 14:16:36 [main] INFO  Console.Server - Сервер запущен
2025-04-22 14:16:39 [main] INFO  Console.Server - Клиент подключен: /127.0.0.1:56151
2025-04-22 14:16:43 [main] INFO  Console.Server - Ответ отправлен клиенту
2025-04-22 14:20:00 [main] INFO  Console.Server - Сервер запущен
2025-04-22 14:20:02 [main] INFO  Console.Server - Клиент подключен: /127.0.0.1:56170
2025-04-22 14:20:08 [main] INFO  Console.Server - Ответ отправлен клиенту
2025-04-22 14:20:33 [main] INFO  Console.Server - Сервер запущен
2025-04-22 14:20:36 [main] INFO  Console.Server - Клиент подключен: /127.0.0.1:56184
2025-04-22 14:20:46 [main] INFO  Console.Server - Ответ отправлен клиенту
2025-04-22 14:20:50 [main] INFO  Console.Server - Ответ отправлен клиенту
2025-04-22 14:20:53 [main] INFO  Console.Server - Ответ отправлен клиенту
2025-04-22 14:20:55 [main] INFO  Console.Server - Ответ отправлен клиенту
2025-04-22 14:20:56 [main] INFO  Console.Server - Ответ отправлен клиенту
2025-04-22 14:20:56 [main] INFO  Console.Server - Ответ отправлен клиенту
2025-04-22 14:20:57 [main] INFO  Console.Server - Ответ отправлен клиенту
2025-04-22 14:20:58 [main] INFO  Console.Server - Ответ отправлен клиенту
2025-04-22 14:20:58 [main] INFO  Console.Server - Ответ отправлен клиенту
2025-04-22 14:20:59 [main] INFO  Console.Server - Ответ отправлен клиенту
2025-04-22 14:21:08 [main] WARN  Console.Server - Ошибка при обработке клиента: Connection reset
2025-04-22 14:29:34 [main] INFO  Console.Server - Сервер запущен
2025-04-22 14:29:44 [main] INFO  Console.Server - Клиент подключен: /127.0.0.1:56260
2025-04-22 14:29:48 [main] INFO  Console.Server - Ответ отправлен клиенту
2025-04-22 14:29:58 [main] INFO  Console.Server - Ответ отправлен клиенту
2025-04-22 14:30:01 [main] INFO  Console.Server - Ответ отправлен клиенту
2025-04-22 14:30:09 [main] INFO  Console.Server - Ответ отправлен клиенту
2025-04-22 14:30:10 [main] INFO  Console.Server - Ответ отправлен клиенту
2025-04-22 14:30:11 [main] WARN  Console.Server - Ошибка при обработке клиента: Соединение закрыто клиентом.
2025-04-22 14:30:16 [main] INFO  Console.Server - Клиент подключен: /127.0.0.1:56270
2025-04-22 14:30:23 [main] INFO  Console.Server - Ответ отправлен клиенту
2025-04-22 14:31:30 [main] INFO  Console.Server - Сервер запущен
2025-04-22 14:31:35 [main] INFO  Console.Server - Клиент подключен: /127.0.0.1:56290
2025-04-22 14:31:38 [main] INFO  Console.Server - Ответ отправлен клиенту
2025-04-22 14:33:50 [main] INFO  Console.Server - Сервер запущен
2025-04-22 14:33:51 [main] INFO  Console.Server - Клиент подключен: /127.0.0.1:56304
2025-04-22 14:34:01 [main] INFO  Console.Server - Ответ отправлен клиенту
2025-04-22 14:34:03 [main] INFO  Console.Server - Ответ отправлен клиенту
2025-04-22 14:34:54 [main] INFO  Console.Server - Ответ отправлен клиенту
2025-04-22 14:34:56 [main] INFO  Console.Server - Ответ отправлен клиенту
2025-04-22 14:35:27 [main] INFO  Console.Server - Сервер запущен
2025-04-22 14:35:29 [main] INFO  Console.Server - Клиент подключен: /127.0.0.1:56320
2025-04-22 14:35:33 [main] INFO  Console.Server - Ответ отправлен клиенту
2025-04-22 14:35:41 [main] INFO  Console.Server - Ответ отправлен клиенту
2025-04-22 14:35:43 [main] INFO  Console.Server - Ответ отправлен клиенту
2025-04-22 14:35:45 [main] INFO  Console.Server - Ответ отправлен клиенту
2025-04-22 14:54:01 [main] INFO  Console.Server - Сервер запущен
2025-04-22 14:54:08 [main] INFO  Console.Server - Клиент подключен: /127.0.0.1:56487
2025-04-22 14:54:13 [main] INFO  Console.Server - Ответ отправлен клиенту
2025-04-22 14:56:13 [main] INFO  Console.Server - Сервер запущен
2025-04-22 14:56:21 [main] INFO  Console.Server - Клиент подключен: /127.0.0.1:56548
2025-04-22 14:56:44 [main] INFO  Console.Server - Ответ отправлен клиенту
2025-04-22 14:56:49 [main] INFO  Console.Server - Ответ отправлен клиенту
2025-04-22 14:56:58 [main] INFO  Console.Server - Ответ отправлен клиенту
2025-04-22 14:58:07 [main] INFO  Console.Server - Сервер запущен
2025-04-22 14:58:15 [main] INFO  Console.Server - Клиент подключен: /127.0.0.1:56565
2025-04-22 14:58:21 [main] INFO  Console.Server - Ответ отправлен клиенту
2025-04-22 14:58:34 [main] INFO  Console.Server - Ответ отправлен клиенту
2025-04-22 14:58:36 [main] INFO  Console.Server - Ответ отправлен клиенту
2025-04-22 14:58:40 [main] WARN  Console.Server - Ошибка при обработке клиента: Соединение закрыто клиентом.
2025-04-22 14:58:42 [main] INFO  Console.Server - Клиент подключен: /127.0.0.1:56571
2025-04-22 14:58:46 [main] INFO  Console.Server - Сервер запущен
2025-04-22 14:58:48 [main] INFO  Console.Server - Клиент подключен: /127.0.0.1:56578
2025-04-22 15:02:09 [main] INFO  Console.Server - Сервер запущен
2025-04-22 15:02:17 [main] INFO  Console.Server - Клиент подключен: /127.0.0.1:56629
2025-04-22 15:07:22 [main] INFO  Console.Server - Сервер запущен
2025-04-22 15:07:30 [main] INFO  Console.Server - Клиент подключен: /127.0.0.1:56704
2025-04-22 15:07:41 [main] INFO  Console.Server - Ответ отправлен клиенту
2025-04-22 15:07:49 [main] INFO  Console.Server - Ответ отправлен клиенту
2025-04-22 15:08:03 [main] INFO  Console.Server - Ответ отправлен клиенту
2025-04-22 15:09:55 [main] INFO  Console.Server - Сервер запущен
2025-04-22 15:09:57 [main] INFO  Console.Server - Клиент подключен: /127.0.0.1:56725
2025-04-22 15:10:05 [main] INFO  Console.Server - Ответ отправлен клиенту
2025-04-22 15:10:08 [main] INFO  Console.Server - Ответ отправлен клиенту
2025-04-22 15:10:23 [main] INFO  Console.Server - Ответ отправлен клиенту
2025-04-22 15:10:27 [main] INFO  Console.Server - Ответ отправлен клиенту
2025-04-22 15:10:59 [main] INFO  Console.Server - Сервер запущен
2025-04-22 15:11:07 [main] INFO  Console.Server - Клиент подключен: /127.0.0.1:56744
2025-04-22 15:11:42 [main] INFO  Console.Server - Сервер запущен
2025-04-22 15:11:49 [main] INFO  Console.Server - Клиент подключен: /127.0.0.1:56760
2025-04-22 15:22:43 [main] INFO  Console.Server - Сервер запущен
2025-04-22 15:22:51 [main] INFO  Console.Server - Клиент подключен: /127.0.0.1:56908
2025-04-22 15:23:17 [main] INFO  Console.Server - Ответ отправлен клиенту
2025-04-22 15:23:19 [main] INFO  Console.Server - Ответ отправлен клиенту
2025-04-22 15:23:26 [main] INFO  Console.Server - Ответ отправлен клиенту
2025-04-22 15:23:28 [main] INFO  Console.Server - Ответ отправлен клиенту
2025-04-22 15:23:37 [main] INFO  Console.Server - Текущая команда: help
2025-04-22 15:23:38 [main] INFO  Console.Server - Текущая команда: info
2025-04-22 15:23:39 [main] INFO  Console.Server - Текущая команда: add
2025-04-22 15:23:40 [main] INFO  Console.Server - Текущая команда: update 2
2025-04-22 15:23:41 [main] INFO  Console.Server - Текущая команда: execute_script second.txt
2025-04-22 15:23:41 [main] INFO  Console.Server - Текущая команда: show
2025-04-22 15:23:42 [main] INFO  Console.Server - Текущая команда: execute_script third.txt
2025-04-22 15:23:42 [main] INFO  Console.Server - Текущая команда: add
2025-04-22 15:23:43 [main] INFO  Console.Server - Текущая команда: help
2025-04-22 15:23:44 [main] INFO  Console.Server - Текущая команда: info
2025-04-22 15:23:47 [main] INFO  Console.Server - Ответ отправлен клиенту
2025-04-22 15:23:55 [main] INFO  Console.Server - Ответ отправлен клиенту
2025-04-22 16:02:45 [main] INFO  Console.Server - Сервер запущен
2025-04-22 16:03:01 [main] INFO  Console.Server - Клиент подключен: /127.0.0.1:51529
2025-04-22 16:03:05 [main] INFO  Console.Server - Ответ отправлен клиенту
2025-04-22 16:03:07 [main] INFO  Console.Server - Ответ отправлен клиенту
2025-04-22 16:03:09 [main] INFO  Console.Server - Ответ отправлен клиенту
2025-04-22 16:03:10 [main] INFO  Console.Server - Ответ отправлен клиенту
2025-04-22 16:03:31 [main] WARN  Console.Server - Ошибка при обработке клиента: Connection reset
